<?xml version="1.0" encoding="UTF-8"?>
<!-- Generated by org.testng.reporters.JUnitReportReporter -->
<testsuite hostname="VINAY-PATIL" failures="0" tests="34" name="gateway.testcases.PurchaseOrderListTest" time="32.697" errors="1" timestamp="2022-11-09T16:55:04 IST" skipped="33">
  <testcase classname="gateway.testcases.PurchaseOrderListTest" name="SetUp" time="32.686">
    <error message="timeout: Timed out receiving message from renderer: 26.935
  (Session info: chrome=107.0.5304.107)
Build info: version: &#039;4.4.0&#039;, revision: &#039;e5c75ed026a&#039;
System info: host: &#039;VINAY-PATIL&#039;, ip: &#039;192.168.43.193&#039;, os.name: &#039;Windows 10&#039;, os.arch: &#039;amd64&#039;, os.version: &#039;10.0&#039;, java.version: &#039;17.0.1&#039;
Driver info: org.openqa.selenium.chrome.ChromeDriver
Command: [5456407ffb9344a171e4eb980e39723d, get {url=https://gateway-qa.tangentia.com/login}]
Capabilities {acceptInsecureCerts: false, browserName: chrome, browserVersion: 107.0.5304.107, chrome: {chromedriverVersion: 107.0.5304.62 (1eec40d3a576..., userDataDir: C:\Users\Vinay\AppData\Loca...}, goog:chromeOptions: {debuggerAddress: localhost:49156}, networkConnectionEnabled: false, pageLoadStrategy: normal, platformName: WINDOWS, proxy: Proxy(), se:cdp: ws://localhost:49156/devtoo..., se:cdpVersion: 107.0.5304.107, setWindowRect: true, strictFileInteractability: false, timeouts: {implicit: 0, pageLoad: 300000, script: 30000}, unhandledPromptBehavior: dismiss and notify, webauthn:extension:credBlob: true, webauthn:extension:largeBlob: true, webauthn:virtualAuthenticators: true}
Session ID: 5456407ffb9344a171e4eb980e39723d" type="org.openqa.selenium.TimeoutException">
      <![CDATA[org.openqa.selenium.TimeoutException: timeout: Timed out receiving message from renderer: 26.935
  (Session info: chrome=107.0.5304.107)
Build info: version: '4.4.0', revision: 'e5c75ed026a'
System info: host: 'VINAY-PATIL', ip: '192.168.43.193', os.name: 'Windows 10', os.arch: 'amd64', os.version: '10.0', java.version: '17.0.1'
Driver info: org.openqa.selenium.chrome.ChromeDriver
Command: [5456407ffb9344a171e4eb980e39723d, get {url=https://gateway-qa.tangentia.com/login}]
Capabilities {acceptInsecureCerts: false, browserName: chrome, browserVersion: 107.0.5304.107, chrome: {chromedriverVersion: 107.0.5304.62 (1eec40d3a576..., userDataDir: C:\Users\Vinay\AppData\Loca...}, goog:chromeOptions: {debuggerAddress: localhost:49156}, networkConnectionEnabled: false, pageLoadStrategy: normal, platformName: WINDOWS, proxy: Proxy(), se:cdp: ws://localhost:49156/devtoo..., se:cdpVersion: 107.0.5304.107, setWindowRect: true, strictFileInteractability: false, timeouts: {implicit: 0, pageLoad: 300000, script: 30000}, unhandledPromptBehavior: dismiss and notify, webauthn:extension:credBlob: true, webauthn:extension:largeBlob: true, webauthn:virtualAuthenticators: true}
Session ID: 5456407ffb9344a171e4eb980e39723d
at java.base/jdk.internal.reflect.NativeConstructorAccessorImpl.newInstance0(Native Method)
at java.base/jdk.internal.reflect.NativeConstructorAccessorImpl.newInstance(NativeConstructorAccessorImpl.java:77)
at java.base/jdk.internal.reflect.DelegatingConstructorAccessorImpl.newInstance(DelegatingConstructorAccessorImpl.java:45)
at java.base/java.lang.reflect.Constructor.newInstanceWithCaller(Constructor.java:499)
at java.base/java.lang.reflect.Constructor.newInstance(Constructor.java:480)
at org.openqa.selenium.remote.codec.w3c.W3CHttpResponseCodec.createException(W3CHttpResponseCodec.java:200)
at org.openqa.selenium.remote.codec.w3c.W3CHttpResponseCodec.decode(W3CHttpResponseCodec.java:133)
at org.openqa.selenium.remote.codec.w3c.W3CHttpResponseCodec.decode(W3CHttpResponseCodec.java:53)
at org.openqa.selenium.remote.HttpCommandExecutor.execute(HttpCommandExecutor.java:184)
at org.openqa.selenium.remote.service.DriverCommandExecutor.invokeExecute(DriverCommandExecutor.java:167)
at org.openqa.selenium.remote.service.DriverCommandExecutor.execute(DriverCommandExecutor.java:142)
at org.openqa.selenium.remote.RemoteWebDriver.execute(RemoteWebDriver.java:547)
at org.openqa.selenium.remote.RemoteWebDriver.get(RemoteWebDriver.java:310)
at gateway.base.TestBase.initialisation(TestBase.java:64)
at gateway.testcases.PurchaseOrderListTest.SetUp(PurchaseOrderListTest.java:31)
at java.base/jdk.internal.reflect.NativeMethodAccessorImpl.invoke0(Native Method)
at java.base/jdk.internal.reflect.NativeMethodAccessorImpl.invoke(NativeMethodAccessorImpl.java:77)
at java.base/jdk.internal.reflect.DelegatingMethodAccessorImpl.invoke(DelegatingMethodAccessorImpl.java:43)
at java.base/java.lang.reflect.Method.invoke(Method.java:568)
at org.testng.internal.invokers.MethodInvocationHelper.invokeMethod(MethodInvocationHelper.java:139)
at org.testng.internal.invokers.MethodInvocationHelper.invokeMethodConsideringTimeout(MethodInvocationHelper.java:69)
at org.testng.internal.invokers.ConfigInvoker.invokeConfigurationMethod(ConfigInvoker.java:361)
at org.testng.internal.invokers.ConfigInvoker.invokeConfigurations(ConfigInvoker.java:296)
at org.testng.internal.invokers.TestInvoker.runConfigMethods(TestInvoker.java:816)
at org.testng.internal.invokers.TestInvoker.invokeMethod(TestInvoker.java:590)
at org.testng.internal.invokers.TestInvoker.invokeTestMethod(TestInvoker.java:221)
at org.testng.internal.invokers.MethodRunner.runInSequence(MethodRunner.java:50)
at org.testng.internal.invokers.TestInvoker$MethodInvocationAgent.invoke(TestInvoker.java:962)
at org.testng.internal.invokers.TestInvoker.invokeTestMethods(TestInvoker.java:194)
at org.testng.internal.invokers.TestMethodWorker.invokeTestMethods(TestMethodWorker.java:148)
at org.testng.internal.invokers.TestMethodWorker.run(TestMethodWorker.java:128)
at java.base/java.util.ArrayList.forEach(ArrayList.java:1511)
at org.testng.TestRunner.privateRun(TestRunner.java:806)
at org.testng.TestRunner.run(TestRunner.java:601)
at org.testng.SuiteRunner.runTest(SuiteRunner.java:433)
at org.testng.SuiteRunner.runSequentially(SuiteRunner.java:427)
at org.testng.SuiteRunner.privateRun(SuiteRunner.java:387)
at org.testng.SuiteRunner.run(SuiteRunner.java:330)
at org.testng.SuiteRunnerWorker.runSuite(SuiteRunnerWorker.java:52)
at org.testng.SuiteRunnerWorker.run(SuiteRunnerWorker.java:95)
at org.testng.TestNG.runSuitesSequentially(TestNG.java:1256)
at org.testng.TestNG.runSuitesLocally(TestNG.java:1176)
at org.testng.TestNG.runSuites(TestNG.java:1099)
at org.testng.TestNG.run(TestNG.java:1067)
at org.testng.remote.AbstractRemoteTestNG.run(AbstractRemoteTestNG.java:115)
at org.testng.remote.RemoteTestNG.initAndRun(RemoteTestNG.java:251)
at org.testng.remote.RemoteTestNG.main(RemoteTestNG.java:77)
]]>
    </error>
  </testcase> <!-- SetUp -->
  <system-out/>
  <testcase classname="gateway.testcases.PurchaseOrderListTest" name="TC1" time="0.000">
    <skipped/>
  </testcase> <!-- TC1 -->
  <system-out/>
  <testcase classname="gateway.testcases.PurchaseOrderListTest" name="TC2" time="0.000">
    <skipped/>
  </testcase> <!-- TC2 -->
  <system-out/>
  <testcase classname="gateway.testcases.PurchaseOrderListTest" name="TC3" time="0.001">
    <skipped/>
  </testcase> <!-- TC3 -->
  <system-out/>
  <testcase classname="gateway.testcases.PurchaseOrderListTest" name="TC4" time="0.000">
    <skipped/>
  </testcase> <!-- TC4 -->
  <system-out/>
  <testcase classname="gateway.testcases.PurchaseOrderListTest" name="TC4a" time="0.000">
    <skipped/>
  </testcase> <!-- TC4a -->
  <system-out/>
  <testcase classname="gateway.testcases.PurchaseOrderListTest" name="TC5" time="0.000">
    <skipped/>
  </testcase> <!-- TC5 -->
  <system-out/>
  <testcase classname="gateway.testcases.PurchaseOrderListTest" name="TC5a" time="0.000">
    <skipped/>
  </testcase> <!-- TC5a -->
  <system-out/>
  <testcase classname="gateway.testcases.PurchaseOrderListTest" name="TC6" time="0.000">
    <skipped/>
  </testcase> <!-- TC6 -->
  <system-out/>
  <testcase classname="gateway.testcases.PurchaseOrderListTest" name="TC7" time="0.000">
    <skipped/>
  </testcase> <!-- TC7 -->
  <system-out/>
  <testcase classname="gateway.testcases.PurchaseOrderListTest" name="TC8" time="0.001">
    <skipped/>
  </testcase> <!-- TC8 -->
  <system-out/>
  <testcase classname="gateway.testcases.PurchaseOrderListTest" name="TC9" time="0.000">
    <skipped/>
  </testcase> <!-- TC9 -->
  <system-out/>
  <testcase classname="gateway.testcases.PurchaseOrderListTest" name="TC10" time="0.000">
    <skipped/>
  </testcase> <!-- TC10 -->
  <system-out/>
  <testcase classname="gateway.testcases.PurchaseOrderListTest" name="TC12" time="0.002">
    <skipped/>
  </testcase> <!-- TC12 -->
  <system-out/>
  <testcase classname="gateway.testcases.PurchaseOrderListTest" name="TC13" time="0.000">
    <skipped/>
  </testcase> <!-- TC13 -->
  <system-out/>
  <testcase classname="gateway.testcases.PurchaseOrderListTest" name="TC14" time="0.002">
    <skipped/>
  </testcase> <!-- TC14 -->
  <system-out/>
  <testcase classname="gateway.testcases.PurchaseOrderListTest" name="TC16" time="0.000">
    <skipped/>
  </testcase> <!-- TC16 -->
  <system-out/>
  <testcase classname="gateway.testcases.PurchaseOrderListTest" name="TC17" time="0.000">
    <skipped/>
  </testcase> <!-- TC17 -->
  <system-out/>
  <testcase classname="gateway.testcases.PurchaseOrderListTest" name="TC18" time="0.000">
    <skipped/>
  </testcase> <!-- TC18 -->
  <system-out/>
  <testcase classname="gateway.testcases.PurchaseOrderListTest" name="TC20" time="0.000">
    <skipped/>
  </testcase> <!-- TC20 -->
  <system-out/>
  <testcase classname="gateway.testcases.PurchaseOrderListTest" name="TC21" time="0.000">
    <skipped/>
  </testcase> <!-- TC21 -->
  <system-out/>
  <testcase classname="gateway.testcases.PurchaseOrderListTest" name="TC23" time="0.000">
    <skipped/>
  </testcase> <!-- TC23 -->
  <system-out/>
  <testcase classname="gateway.testcases.PurchaseOrderListTest" name="TC25" time="0.001">
    <skipped/>
  </testcase> <!-- TC25 -->
  <system-out/>
  <testcase classname="gateway.testcases.PurchaseOrderListTest" name="TC26" time="0.000">
    <skipped/>
  </testcase> <!-- TC26 -->
  <system-out/>
  <testcase classname="gateway.testcases.PurchaseOrderListTest" name="TC27" time="0.000">
    <skipped/>
  </testcase> <!-- TC27 -->
  <system-out/>
  <testcase classname="gateway.testcases.PurchaseOrderListTest" name="TC28" time="0.001">
    <skipped/>
  </testcase> <!-- TC28 -->
  <system-out/>
  <testcase classname="gateway.testcases.PurchaseOrderListTest" name="TC30" time="0.001">
    <skipped/>
  </testcase> <!-- TC30 -->
  <system-out/>
  <testcase classname="gateway.testcases.PurchaseOrderListTest" name="TC31" time="0.000">
    <skipped/>
  </testcase> <!-- TC31 -->
  <system-out/>
  <testcase classname="gateway.testcases.PurchaseOrderListTest" name="TC33" time="0.001">
    <skipped/>
  </testcase> <!-- TC33 -->
  <system-out/>
  <testcase classname="gateway.testcases.PurchaseOrderListTest" name="TC35" time="0.000">
    <skipped/>
  </testcase> <!-- TC35 -->
  <system-out/>
  <testcase classname="gateway.testcases.PurchaseOrderListTest" name="TC36" time="0.001">
    <skipped/>
  </testcase> <!-- TC36 -->
  <system-out/>
  <testcase classname="gateway.testcases.PurchaseOrderListTest" name="TC38" time="0.000">
    <skipped/>
  </testcase> <!-- TC38 -->
  <system-out/>
  <testcase classname="gateway.testcases.PurchaseOrderListTest" name="TC42" time="0.000">
    <skipped/>
  </testcase> <!-- TC42 -->
  <system-out/>
  <testcase classname="gateway.testcases.PurchaseOrderListTest" name="TC43" time="0.000">
    <skipped/>
  </testcase> <!-- TC43 -->
  <system-out/>
</testsuite> <!-- gateway.testcases.PurchaseOrderListTest -->
